This file contains any messages produced by compilers while
running configure, to aid debugging if configure makes a mistake.

It was created by pocketsphinx configure 5prealpha, which was
generated by GNU Autoconf 2.69.  Invocation command line was

  $ ./configure 

## --------- ##
## Platform. ##
## --------- ##

hostname = gunjan-linux-server
uname -m = x86_64
uname -r = 5.4.0-48-generic
uname -s = Linux
uname -v = #52-Ubuntu SMP Thu Sep 10 10:58:49 UTC 2020

/usr/bin/uname -p = x86_64
/bin/uname -X     = unknown

/bin/arch              = x86_64
/usr/bin/arch -k       = unknown
/usr/convex/getsysinfo = unknown
/usr/bin/hostinfo      = unknown
/bin/machine           = unknown
/usr/bin/oslevel       = unknown
/bin/universe          = unknown

PATH: /opt/ros/noetic/bin
PATH: /usr/local/sbin
PATH: /usr/local/bin
PATH: /usr/sbin
PATH: /usr/bin
PATH: /sbin
PATH: /bin
PATH: /usr/games
PATH: /usr/local/games
PATH: /snap/bin


## ----------- ##
## Core tests. ##
## ----------- ##

configure:2561: checking for a BSD-compatible install
configure:2629: result: /usr/bin/install -c
configure:2640: checking whether build environment is sane
configure:2695: result: yes
configure:2844: checking for a thread-safe mkdir -p
configure:2883: result: /usr/bin/mkdir -p
configure:2890: checking for gawk
configure:2920: result: no
configure:2890: checking for mawk
configure:2906: found /usr/bin/mawk
configure:2917: result: mawk
configure:2928: checking whether make sets $(MAKE)
configure:2950: result: yes
configure:2979: checking whether make supports nested variables
configure:2996: result: yes
configure:3121: checking build system type
configure:3135: result: x86_64-unknown-linux-gnu
configure:3155: checking host system type
configure:3168: result: x86_64-unknown-linux-gnu
configure:3236: checking for gcc
configure:3252: found /usr/bin/gcc
configure:3263: result: gcc
configure:3492: checking for C compiler version
configure:3501: gcc --version >&5
gcc (Ubuntu 9.3.0-17ubuntu1~20.04) 9.3.0
Copyright (C) 2019 Free Software Foundation, Inc.
This is free software; see the source for copying conditions.  There is NO
warranty; not even for MERCHANTABILITY or FITNESS FOR A PARTICULAR PURPOSE.

configure:3512: $? = 0
configure:3501: gcc -v >&5
Using built-in specs.
COLLECT_GCC=gcc
COLLECT_LTO_WRAPPER=/usr/lib/gcc/x86_64-linux-gnu/9/lto-wrapper
OFFLOAD_TARGET_NAMES=nvptx-none:hsa
OFFLOAD_TARGET_DEFAULT=1
Target: x86_64-linux-gnu
Configured with: ../src/configure -v --with-pkgversion='Ubuntu 9.3.0-17ubuntu1~20.04' --with-bugurl=file:///usr/share/doc/gcc-9/README.Bugs --enable-languages=c,ada,c++,go,brig,d,fortran,objc,obj-c++,gm2 --prefix=/usr --with-gcc-major-version-only --program-suffix=-9 --program-prefix=x86_64-linux-gnu- --enable-shared --enable-linker-build-id --libexecdir=/usr/lib --without-included-gettext --enable-threads=posix --libdir=/usr/lib --enable-nls --enable-clocale=gnu --enable-libstdcxx-debug --enable-libstdcxx-time=yes --with-default-libstdcxx-abi=new --enable-gnu-unique-object --disable-vtable-verify --enable-plugin --enable-default-pie --with-system-zlib --with-target-system-zlib=auto --enable-objc-gc=auto --enable-multiarch --disable-werror --with-arch-32=i686 --with-abi=m64 --with-multilib-list=m32,m64,mx32 --enable-multilib --with-tune=generic --enable-offload-targets=nvptx-none=/build/gcc-9-HskZEa/gcc-9-9.3.0/debian/tmp-nvptx/usr,hsa --without-cuda-driver --enable-checking=release --build=x86_64-linux-gnu --host=x86_64-linux-gnu --target=x86_64-linux-gnu
Thread model: posix
gcc version 9.3.0 (Ubuntu 9.3.0-17ubuntu1~20.04) 
configure:3512: $? = 0
configure:3501: gcc -V >&5
gcc: error: unrecognized command line option '-V'
gcc: fatal error: no input files
compilation terminated.
configure:3512: $? = 1
configure:3501: gcc -qversion >&5
gcc: error: unrecognized command line option '-qversion'; did you mean '--version'?
gcc: fatal error: no input files
compilation terminated.
configure:3512: $? = 1
configure:3532: checking whether the C compiler works
configure:3554: gcc -g -O2 -Wall   conftest.c  >&5
configure:3558: $? = 0
configure:3606: result: yes
configure:3609: checking for C compiler default output file name
configure:3611: result: a.out
configure:3617: checking for suffix of executables
configure:3624: gcc -o conftest -g -O2 -Wall   conftest.c  >&5
configure:3628: $? = 0
configure:3650: result: 
configure:3672: checking whether we are cross compiling
configure:3680: gcc -o conftest -g -O2 -Wall   conftest.c  >&5
configure:3684: $? = 0
configure:3691: ./conftest
configure:3695: $? = 0
configure:3683: result: no
configure:3688: checking for suffix of object files
configure:3710: gcc -c -g -O2 -Wall  conftest.c >&5
configure:3714: $? = 0
configure:3735: result: o
configure:3739: checking whether we are using the GNU C compiler
configure:3758: gcc -c -g -O2 -Wall  conftest.c >&5
configure:3758: $? = 0
configure:3767: result: yes
configure:3776: checking whether gcc accepts -g
configure:3796: gcc -c -g  conftest.c >&5
configure:3796: $? = 0
configure:3837: result: yes
configure:3854: checking for gcc option to accept ISO C89
configure:3917: gcc  -c -g -O2 -Wall  conftest.c >&5
configure:3917: $? = 0
configure:3930: result: none needed
configure:3955: checking whether gcc understands -c and -o together
configure:3977: gcc -c conftest.c -o conftest2.o
configure:3980: $? = 0
configure:3977: gcc -c conftest.c -o conftest2.o
configure:3980: $? = 0
configure:3992: result: yes
configure:4012: checking whether make supports the include directive
configure:4027: make -f confmf.GNU && cat confinc.out
this is the am__doit target
configure:4030: $? = 0
configure:4049: result: yes (GNU style)
configure:4074: checking dependency style of gcc
configure:4185: result: gcc3
configure:4206: checking how to run the C preprocessor
configure:4237: gcc -E  conftest.c
configure:4237: $? = 0
configure:4251: gcc -E  conftest.c
conftest.c:9:10: fatal error: ac_nonexistent.h: No such file or directory
    9 | #include <ac_nonexistent.h>
      |          ^~~~~~~~~~~~~~~~~~
compilation terminated.
configure:4251: $? = 1
configure: failed program was:
| /* confdefs.h */
| #define PACKAGE_NAME "pocketsphinx"
| #define PACKAGE_TARNAME "pocketsphinx"
| #define PACKAGE_VERSION "5prealpha"
| #define PACKAGE_STRING "pocketsphinx 5prealpha"
| #define PACKAGE_BUGREPORT ""
| #define PACKAGE_URL ""
| /* end confdefs.h.  */
| #include <ac_nonexistent.h>
configure:4276: result: gcc -E
configure:4296: gcc -E  conftest.c
configure:4296: $? = 0
configure:4310: gcc -E  conftest.c
conftest.c:9:10: fatal error: ac_nonexistent.h: No such file or directory
    9 | #include <ac_nonexistent.h>
      |          ^~~~~~~~~~~~~~~~~~
compilation terminated.
configure:4310: $? = 1
configure: failed program was:
| /* confdefs.h */
| #define PACKAGE_NAME "pocketsphinx"
| #define PACKAGE_TARNAME "pocketsphinx"
| #define PACKAGE_VERSION "5prealpha"
| #define PACKAGE_STRING "pocketsphinx 5prealpha"
| #define PACKAGE_BUGREPORT ""
| #define PACKAGE_URL ""
| /* end confdefs.h.  */
| #include <ac_nonexistent.h>
configure:4339: checking for grep that handles long lines and -e
configure:4397: result: /usr/bin/grep
configure:4402: checking for egrep
configure:4464: result: /usr/bin/grep -E
configure:4469: checking for ANSI C header files
configure:4489: gcc -c -g -O2 -Wall  conftest.c >&5
configure:4489: $? = 0
configure:4562: gcc -o conftest -g -O2 -Wall   conftest.c  >&5
configure:4562: $? = 0
configure:4562: ./conftest
configure:4562: $? = 0
configure:4573: result: yes
configure:4586: checking for sys/types.h
configure:4586: gcc -c -g -O2 -Wall  conftest.c >&5
configure:4586: $? = 0
configure:4586: result: yes
configure:4586: checking for sys/stat.h
configure:4586: gcc -c -g -O2 -Wall  conftest.c >&5
configure:4586: $? = 0
configure:4586: result: yes
configure:4586: checking for stdlib.h
configure:4586: gcc -c -g -O2 -Wall  conftest.c >&5
configure:4586: $? = 0
configure:4586: result: yes
configure:4586: checking for string.h
configure:4586: gcc -c -g -O2 -Wall  conftest.c >&5
configure:4586: $? = 0
configure:4586: result: yes
configure:4586: checking for memory.h
configure:4586: gcc -c -g -O2 -Wall  conftest.c >&5
configure:4586: $? = 0
configure:4586: result: yes
configure:4586: checking for strings.h
configure:4586: gcc -c -g -O2 -Wall  conftest.c >&5
configure:4586: $? = 0
configure:4586: result: yes
configure:4586: checking for inttypes.h
configure:4586: gcc -c -g -O2 -Wall  conftest.c >&5
configure:4586: $? = 0
configure:4586: result: yes
configure:4586: checking for stdint.h
configure:4586: gcc -c -g -O2 -Wall  conftest.c >&5
configure:4586: $? = 0
configure:4586: result: yes
configure:4586: checking for unistd.h
configure:4586: gcc -c -g -O2 -Wall  conftest.c >&5
configure:4586: $? = 0
configure:4586: result: yes
configure:4598: checking for long long
configure:4598: gcc -c -g -O2 -Wall  conftest.c >&5
configure:4598: $? = 0
configure:4598: gcc -c -g -O2 -Wall  conftest.c >&5
conftest.c: In function 'main':
conftest.c:55:24: error: expected expression before ')' token
   55 | if (sizeof ((long long)))
      |                        ^
configure:4598: $? = 1
configure: failed program was:
| /* confdefs.h */
| #define PACKAGE_NAME "pocketsphinx"
| #define PACKAGE_TARNAME "pocketsphinx"
| #define PACKAGE_VERSION "5prealpha"
| #define PACKAGE_STRING "pocketsphinx 5prealpha"
| #define PACKAGE_BUGREPORT ""
| #define PACKAGE_URL ""
| #define STDC_HEADERS 1
| #define HAVE_SYS_TYPES_H 1
| #define HAVE_SYS_STAT_H 1
| #define HAVE_STDLIB_H 1
| #define HAVE_STRING_H 1
| #define HAVE_MEMORY_H 1
| #define HAVE_STRINGS_H 1
| #define HAVE_INTTYPES_H 1
| #define HAVE_STDINT_H 1
| #define HAVE_UNISTD_H 1
| /* end confdefs.h.  */
| #include <stdio.h>
| #ifdef HAVE_SYS_TYPES_H
| # include <sys/types.h>
| #endif
| #ifdef HAVE_SYS_STAT_H
| # include <sys/stat.h>
| #endif
| #ifdef STDC_HEADERS
| # include <stdlib.h>
| # include <stddef.h>
| #else
| # ifdef HAVE_STDLIB_H
| #  include <stdlib.h>
| # endif
| #endif
| #ifdef HAVE_STRING_H
| # if !defined STDC_HEADERS && defined HAVE_MEMORY_H
| #  include <memory.h>
| # endif
| # include <string.h>
| #endif
| #ifdef HAVE_STRINGS_H
| # include <strings.h>
| #endif
| #ifdef HAVE_INTTYPES_H
| # include <inttypes.h>
| #endif
| #ifdef HAVE_STDINT_H
| # include <stdint.h>
| #endif
| #ifdef HAVE_UNISTD_H
| # include <unistd.h>
| #endif
| int
| main ()
| {
| if (sizeof ((long long)))
| 	    return 0;
|   ;
|   return 0;
| }
configure:4598: result: yes
configure:4612: checking size of long long
configure:4617: gcc -o conftest -g -O2 -Wall   conftest.c  >&5
configure:4617: $? = 0
configure:4617: ./conftest
configure:4617: $? = 0
configure:4631: result: 8
configure:4688: checking how to print strings
configure:4715: result: printf
configure:4736: checking for a sed that does not truncate output
configure:4800: result: /usr/bin/sed
configure:4818: checking for fgrep
configure:4880: result: /usr/bin/grep -F
configure:4915: checking for ld used by gcc
configure:4982: result: /usr/bin/ld
configure:4989: checking if the linker (/usr/bin/ld) is GNU ld
configure:5004: result: yes
configure:5016: checking for BSD- or MS-compatible name lister (nm)
configure:5070: result: /usr/bin/nm -B
configure:5200: checking the name lister (/usr/bin/nm -B) interface
configure:5207: gcc -c -g -O2 -Wall  conftest.c >&5
configure:5210: /usr/bin/nm -B "conftest.o"
configure:5213: output
0000000000000000 B some_variable
configure:5214: result: BSD nm
configure:5217: checking whether ln -s works
configure:5221: result: yes
configure:5229: checking the maximum length of command line arguments
configure:5360: result: 1572864
configure:5408: checking how to convert x86_64-unknown-linux-gnu file names to x86_64-unknown-linux-gnu format
configure:5448: result: func_convert_file_noop
configure:5455: checking how to convert x86_64-unknown-linux-gnu file names to toolchain format
configure:5475: result: func_convert_file_noop
configure:5482: checking for /usr/bin/ld option to reload object files
configure:5489: result: -r
configure:5563: checking for objdump
configure:5579: found /usr/bin/objdump
configure:5590: result: objdump
configure:5622: checking how to recognize dependent libraries
configure:5822: result: pass_all
configure:5907: checking for dlltool
configure:5937: result: no
configure:5967: checking how to associate runtime and link libraries
configure:5994: result: printf %s\n
configure:6054: checking for ar
configure:6070: found /usr/bin/ar
configure:6081: result: ar
configure:6118: checking for archiver @FILE support
configure:6135: gcc -c -g -O2 -Wall  conftest.c >&5
configure:6135: $? = 0
configure:6138: ar cr libconftest.a @conftest.lst >&5
configure:6141: $? = 0
configure:6146: ar cr libconftest.a @conftest.lst >&5
ar: conftest.o: No such file or directory
configure:6149: $? = 1
configure:6148: result: @
configure:6206: checking for strip
configure:6222: found /usr/bin/strip
configure:6233: result: strip
configure:6305: checking for ranlib
configure:6321: found /usr/bin/ranlib
configure:6332: result: ranlib
configure:6434: checking command to parse /usr/bin/nm -B output from gcc object
configure:6587: gcc -c -g -O2 -Wall  conftest.c >&5
configure:6590: $? = 0
configure:6594: /usr/bin/nm -B conftest.o | sed -n -e 's/^.*[	 ]\([ABCDGIRSTW][ABCDGIRSTW]*\)[	 ][	 ]*\([_A-Za-z][_A-Za-z0-9]*\)$/\1 \2 \2/p' | sed '/ __gnu_lto/d' > conftest.nm
configure:6660: gcc -o conftest -g -O2 -Wall   conftest.c conftstm.o >&5
configure:6663: $? = 0
configure:6701: result: ok
configure:6748: checking for sysroot
configure:6778: result: no
configure:6785: checking for a working dd
configure:6823: result: /usr/bin/dd
configure:6827: checking how to truncate binary pipes
configure:6842: result: /usr/bin/dd bs=4096 count=1
configure:6978: gcc -c -g -O2 -Wall  conftest.c >&5
configure:6981: $? = 0
configure:7171: checking for mt
configure:7187: found /usr/bin/mt
configure:7198: result: mt
configure:7221: checking if mt is a manifest tool
configure:7227: mt '-?'
configure:7235: result: no
configure:7909: checking for dlfcn.h
configure:7909: gcc -c -g -O2 -Wall  conftest.c >&5
configure:7909: $? = 0
configure:7909: result: yes
configure:8165: checking for objdir
configure:8180: result: .libs
configure:8444: checking if gcc supports -fno-rtti -fno-exceptions
configure:8462: gcc -c -g -O2 -Wall  -fno-rtti -fno-exceptions conftest.c >&5
cc1: warning: command line option '-fno-rtti' is valid for C++/D/ObjC++ but not for C
configure:8466: $? = 0
configure:8479: result: no
configure:8843: checking for gcc option to produce PIC
configure:8850: result: -fPIC -DPIC
configure:8858: checking if gcc PIC flag -fPIC -DPIC works
configure:8876: gcc -c -g -O2 -Wall  -fPIC -DPIC -DPIC conftest.c >&5
configure:8880: $? = 0
configure:8893: result: yes
configure:8922: checking if gcc static flag -static works
configure:8950: result: yes
configure:8965: checking if gcc supports -c -o file.o
configure:8986: gcc -c -g -O2 -Wall  -o out/conftest2.o conftest.c >&5
configure:8990: $? = 0
configure:9012: result: yes
configure:9020: checking if gcc supports -c -o file.o
configure:9067: result: yes
configure:9100: checking whether the gcc linker (/usr/bin/ld -m elf_x86_64) supports shared libraries
configure:10363: result: yes
configure:10400: checking whether -lc should be explicitly linked in
configure:10408: gcc -c -g -O2 -Wall  conftest.c >&5
configure:10411: $? = 0
configure:10426: gcc -shared  -fPIC -DPIC conftest.o  -v -Wl,-soname -Wl,conftest -o conftest 2\>\&1 \| /usr/bin/grep  -lc  \>/dev/null 2\>\&1
configure:10429: $? = 0
configure:10443: result: no
configure:10603: checking dynamic linker characteristics
configure:11184: gcc -o conftest -g -O2 -Wall   -Wl,-rpath -Wl,/foo conftest.c  >&5
configure:11184: $? = 0
configure:11433: result: GNU/Linux ld.so
configure:11555: checking how to hardcode library paths into programs
configure:11580: result: immediate
configure:12128: checking whether stripping libraries is possible
configure:12133: result: yes
configure:12168: checking if libtool supports shared libraries
configure:12170: result: yes
configure:12173: checking whether to build shared libraries
configure:12198: result: yes
configure:12201: checking whether to build static libraries
configure:12205: result: yes
configure:9021: checking for pkg-config
configure:9037: found /usr/bin/pkg-config
configure:9049: result: yes
configure:9060: checking for doxygen
configure:9088: result: no
configure:9148: checking for a Python interpreter with version >= 2.6
configure:9165: python -c import sys # split strings by '.' and convert to numeric. Append some zeros # because we need at least 4 digits for the hex conversion. # map returns an iterator in Python 3.0 and a list in 2.x minver = list(map(int, '2.6'.split('.'))) + [0, 0, 0] minverhex = 0 # xrange is not present in Python 3.0 and range returns an iterator for i in list(range(0, 4)): minverhex = (minverhex << 8) + minver[i] sys.exit(sys.hexversion < minverhex)
./configure: line 9166: python: command not found
configure:9168: $? = 127
configure:9165: python2 -c import sys # split strings by '.' and convert to numeric. Append some zeros # because we need at least 4 digits for the hex conversion. # map returns an iterator in Python 3.0 and a list in 2.x minver = list(map(int, '2.6'.split('.'))) + [0, 0, 0] minverhex = 0 # xrange is not present in Python 3.0 and range returns an iterator for i in list(range(0, 4)): minverhex = (minverhex << 8) + minver[i] sys.exit(sys.hexversion < minverhex)
./configure: line 9166: python2: command not found
configure:9168: $? = 127
configure:9165: python3 -c import sys # split strings by '.' and convert to numeric. Append some zeros # because we need at least 4 digits for the hex conversion. # map returns an iterator in Python 3.0 and a list in 2.x minver = list(map(int, '2.6'.split('.'))) + [0, 0, 0] minverhex = 0 # xrange is not present in Python 3.0 and range returns an iterator for i in list(range(0, 4)): minverhex = (minverhex << 8) + minver[i] sys.exit(sys.hexversion < minverhex)
configure:9168: $? = 0
configure:9174: result: python3
configure:9182: checking for python3
configure:9200: found /usr/bin/python3
configure:9212: result: /usr/bin/python3
configure:9230: checking for python3 version
configure:9237: result: 3.8
configure:9249: checking for python3 platform
configure:9256: result: linux
configure:9282: checking for python3 script directory
configure:9317: result: ${prefix}/lib/python3.8/site-packages
configure:9326: checking for python3 extension module directory
configure:9361: result: ${exec_prefix}/lib/python3.8/site-packages
configure:9382: checking for python3.8
configure:9412: result: /usr/bin/python3
configure:9428: checking for a version of Python >= '2.1.0'
configure:9454: result: yes
configure:9485: checking for the distutils Python package
configure:9489: result: yes
configure:9503: checking for Python include path
configure:9519: result: -I/usr/include/python3.8
configure:9526: checking for Python library path
configure:9603: result: -L/usr/lib -lpython3.8
configure:9610: checking for Python site-packages path
configure:9616: result: /usr/lib/python3/dist-packages
configure:9623: checking python extra libraries
configure:9630: result: -lcrypt -lpthread -ldl  -lutil -lm -lm
configure:9637: checking python extra linking flags
configure:9644: result: -Xlinker -export-dynamic -Wl,-O1 -Wl,-Bsymbolic-functions
configure:9651: checking consistency of all components of python development environment
configure:9677: gcc -o conftest -g -O2 -Wall  -I/usr/include/python3.8  conftest.c  -L/usr/lib -lpython3.8 -Xlinker -export-dynamic -Wl,-O1 -Wl,-Bsymbolic-functions -lcrypt -lpthread -ldl  -lutil -lm -lm >&5
configure:9677: $? = 0
configure:9694: result: yes
configure:9725: checking for swig
configure:9743: found /usr/bin/swig
configure:9755: result: /usr/bin/swig
configure:9769: checking SWIG version
configure:9772: result: 4.0.1
configure:9821: checking for SWIG library
configure:9824: result: /usr/share/swig4.0
configure:9900: checking for pkg-config
configure:9918: found /usr/bin/pkg-config
configure:9930: result: /usr/bin/pkg-config
configure:9955: checking pkg-config is at least version 0.9.0
configure:9958: result: yes
configure:9969: checking for GStreamer
configure:9979: $PKG_CONFIG --exists --print-errors "gstreamer-$GST_MAJORMINOR >= 1.0
		       gstreamer-base-$GST_MAJORMINOR >= 1.0
		       gstreamer-plugins-base-$GST_MAJORMINOR >= 1.0"
Package gstreamer-1.0 was not found in the pkg-config search path.
Perhaps you should add the directory containing `gstreamer-1.0.pc'
to the PKG_CONFIG_PATH environment variable
No package 'gstreamer-1.0' found
Package gstreamer-base-1.0 was not found in the pkg-config search path.
Perhaps you should add the directory containing `gstreamer-base-1.0.pc'
to the PKG_CONFIG_PATH environment variable
No package 'gstreamer-base-1.0' found
Package gstreamer-plugins-base-1.0 was not found in the pkg-config search path.
Perhaps you should add the directory containing `gstreamer-plugins-base-1.0.pc'
to the PKG_CONFIG_PATH environment variable
No package 'gstreamer-plugins-base-1.0' found
configure:9984: $? = 1
configure:10003: $PKG_CONFIG --exists --print-errors "gstreamer-$GST_MAJORMINOR >= 1.0
		       gstreamer-base-$GST_MAJORMINOR >= 1.0
		       gstreamer-plugins-base-$GST_MAJORMINOR >= 1.0"
Package gstreamer-1.0 was not found in the pkg-config search path.
Perhaps you should add the directory containing `gstreamer-1.0.pc'
to the PKG_CONFIG_PATH environment variable
No package 'gstreamer-1.0' found
Package gstreamer-base-1.0 was not found in the pkg-config search path.
Perhaps you should add the directory containing `gstreamer-base-1.0.pc'
to the PKG_CONFIG_PATH environment variable
No package 'gstreamer-base-1.0' found
Package gstreamer-plugins-base-1.0 was not found in the pkg-config search path.
Perhaps you should add the directory containing `gstreamer-plugins-base-1.0.pc'
to the PKG_CONFIG_PATH environment variable
No package 'gstreamer-plugins-base-1.0' found
configure:10008: $? = 1
No package 'gstreamer-1.0' found
No package 'gstreamer-base-1.0' found
No package 'gstreamer-plugins-base-1.0' found
configure:10042: result: no
configure:10102: checking for sphinxbase in /home/gunjan/Desktop/VITHack/vithack-sigmatix/Movel-AI/catkin_ws/src/speech/pocketsphinx/../sphinxbase
configure:10106: result: yes
configure:10338: checking that generated files are newer than configure
configure:10344: result: done
configure:10379: creating ./config.status

## ---------------------- ##
## Running config.status. ##
## ---------------------- ##

This file was extended by pocketsphinx config.status 5prealpha, which was
generated by GNU Autoconf 2.69.  Invocation command line was

  CONFIG_FILES    = 
  CONFIG_HEADERS  = 
  CONFIG_LINKS    = 
  CONFIG_COMMANDS = 
  $ ./config.status 

on gunjan-linux-server

config.status:1135: creating pocketsphinx.pc
config.status:1135: creating Makefile
config.status:1135: creating include/Makefile
config.status:1135: creating src/Makefile
config.status:1135: creating swig/Makefile
config.status:1135: creating swig/python/Makefile
config.status:1135: creating swig/python/test/Makefile
config.status:1135: creating src/libpocketsphinx/Makefile
config.status:1135: creating src/programs/Makefile
config.status:1135: creating src/gst-plugin/Makefile
config.status:1135: creating doc/Makefile
config.status:1135: creating doc/doxyfile
config.status:1135: creating model/Makefile
config.status:1135: creating test/Makefile
config.status:1135: creating test/testfuncs.sh
config.status:1135: creating test/unit/Makefile
config.status:1135: creating test/regression/Makefile
config.status:1135: creating include/config.h
config.status:1316: include/config.h is unchanged
config.status:1364: executing depfiles commands
config.status:1441: cd swig/python       && sed -e '/# am--include-marker/d' Makefile         | make -f - am--depfiles
make: Nothing to be done for 'am--depfiles'.
config.status:1446: $? = 0
config.status:1441: cd src/libpocketsphinx       && sed -e '/# am--include-marker/d' Makefile         | make -f - am--depfiles
make: Nothing to be done for 'am--depfiles'.
config.status:1446: $? = 0
config.status:1441: cd src/programs       && sed -e '/# am--include-marker/d' Makefile         | make -f - am--depfiles
make: Nothing to be done for 'am--depfiles'.
config.status:1446: $? = 0
config.status:1441: cd src/gst-plugin       && sed -e '/# am--include-marker/d' Makefile         | make -f - am--depfiles
make: Nothing to be done for 'am--depfiles'.
config.status:1446: $? = 0
config.status:1441: cd test/unit       && sed -e '/# am--include-marker/d' Makefile         | make -f - am--depfiles
make: Nothing to be done for 'am--depfiles'.
config.status:1446: $? = 0
config.status:1364: executing libtool commands

## ---------------- ##
## Cache variables. ##
## ---------------- ##

ac_cv_build=x86_64-unknown-linux-gnu
ac_cv_c_compiler_gnu=yes
ac_cv_env_CC_set=
ac_cv_env_CC_value=
ac_cv_env_CFLAGS_set=
ac_cv_env_CFLAGS_value=
ac_cv_env_CPPFLAGS_set=
ac_cv_env_CPPFLAGS_value=
ac_cv_env_CPP_set=
ac_cv_env_CPP_value=
ac_cv_env_GStreamer_CFLAGS_set=
ac_cv_env_GStreamer_CFLAGS_value=
ac_cv_env_GStreamer_LIBS_set=
ac_cv_env_GStreamer_LIBS_value=
ac_cv_env_LDFLAGS_set=
ac_cv_env_LDFLAGS_value=
ac_cv_env_LIBS_set=
ac_cv_env_LIBS_value=
ac_cv_env_LT_SYS_LIBRARY_PATH_set=
ac_cv_env_LT_SYS_LIBRARY_PATH_value=
ac_cv_env_PKG_CONFIG_set=
ac_cv_env_PKG_CONFIG_value=
ac_cv_env_PYTHON_VERSION_set=
ac_cv_env_PYTHON_VERSION_value=
ac_cv_env_PYTHON_set=
ac_cv_env_PYTHON_value=
ac_cv_env_SPHINXBASE_CFLAGS_set=
ac_cv_env_SPHINXBASE_CFLAGS_value=
ac_cv_env_SPHINXBASE_LIBS_set=
ac_cv_env_SPHINXBASE_LIBS_value=
ac_cv_env_build_alias_set=
ac_cv_env_build_alias_value=
ac_cv_env_host_alias_set=
ac_cv_env_host_alias_value=
ac_cv_env_target_alias_set=
ac_cv_env_target_alias_value=
ac_cv_header_dlfcn_h=yes
ac_cv_header_inttypes_h=yes
ac_cv_header_memory_h=yes
ac_cv_header_stdc=yes
ac_cv_header_stdint_h=yes
ac_cv_header_stdlib_h=yes
ac_cv_header_string_h=yes
ac_cv_header_strings_h=yes
ac_cv_header_sys_stat_h=yes
ac_cv_header_sys_types_h=yes
ac_cv_header_unistd_h=yes
ac_cv_host=x86_64-unknown-linux-gnu
ac_cv_objext=o
ac_cv_path_EGREP='/usr/bin/grep -E'
ac_cv_path_FGREP='/usr/bin/grep -F'
ac_cv_path_GREP=/usr/bin/grep
ac_cv_path_PYTHON=/usr/bin/python3
ac_cv_path_SED=/usr/bin/sed
ac_cv_path_SWIG=/usr/bin/swig
ac_cv_path_ac_pt_PKG_CONFIG=/usr/bin/pkg-config
ac_cv_path_install='/usr/bin/install -c'
ac_cv_path_lt_DD=/usr/bin/dd
ac_cv_path_mkdir=/usr/bin/mkdir
ac_cv_prog_AWK=mawk
ac_cv_prog_CPP='gcc -E'
ac_cv_prog_HAVE_DOXYGEN=no
ac_cv_prog_HAVE_PKGCONFIG=yes
ac_cv_prog_ac_ct_AR=ar
ac_cv_prog_ac_ct_CC=gcc
ac_cv_prog_ac_ct_MANIFEST_TOOL=mt
ac_cv_prog_ac_ct_OBJDUMP=objdump
ac_cv_prog_ac_ct_RANLIB=ranlib
ac_cv_prog_ac_ct_STRIP=strip
ac_cv_prog_cc_c89=
ac_cv_prog_cc_g=yes
ac_cv_prog_make_make_set=yes
ac_cv_sizeof_long_long=8
ac_cv_type_long_long=yes
am_cv_CC_dependencies_compiler_type=gcc3
am_cv_make_support_nested_variables=yes
am_cv_pathless_PYTHON=python3
am_cv_prog_cc_c_o=yes
am_cv_python_platform=linux
am_cv_python_pyexecdir='${exec_prefix}/lib/python3.8/site-packages'
am_cv_python_pythondir='${prefix}/lib/python3.8/site-packages'
am_cv_python_version=3.8
lt_cv_ar_at_file=@
lt_cv_archive_cmds_need_lc=no
lt_cv_deplibs_check_method=pass_all
lt_cv_file_magic_cmd='$MAGIC_CMD'
lt_cv_file_magic_test_file=
lt_cv_ld_reload_flag=-r
lt_cv_nm_interface='BSD nm'
lt_cv_objdir=.libs
lt_cv_path_LD=/usr/bin/ld
lt_cv_path_NM='/usr/bin/nm -B'
lt_cv_path_mainfest_tool=no
lt_cv_prog_compiler_c_o=yes
lt_cv_prog_compiler_pic='-fPIC -DPIC'
lt_cv_prog_compiler_pic_works=yes
lt_cv_prog_compiler_rtti_exceptions=no
lt_cv_prog_compiler_static_works=yes
lt_cv_prog_gnu_ld=yes
lt_cv_sharedlib_from_linklib_cmd='printf %s\n'
lt_cv_shlibpath_overrides_runpath=yes
lt_cv_sys_global_symbol_pipe='sed -n -e '\''s/^.*[	 ]\([ABCDGIRSTW][ABCDGIRSTW]*\)[	 ][	 ]*\([_A-Za-z][_A-Za-z0-9]*\)$/\1 \2 \2/p'\'' | sed '\''/ __gnu_lto/d'\'''
lt_cv_sys_global_symbol_to_c_name_address='sed -n -e '\''s/^: \(.*\) .*$/  {"\1", (void *) 0},/p'\'' -e '\''s/^[ABCDGIRSTW][ABCDGIRSTW]* .* \(.*\)$/  {"\1", (void *) \&\1},/p'\'''
lt_cv_sys_global_symbol_to_c_name_address_lib_prefix='sed -n -e '\''s/^: \(.*\) .*$/  {"\1", (void *) 0},/p'\'' -e '\''s/^[ABCDGIRSTW][ABCDGIRSTW]* .* \(lib.*\)$/  {"\1", (void *) \&\1},/p'\'' -e '\''s/^[ABCDGIRSTW][ABCDGIRSTW]* .* \(.*\)$/  {"lib\1", (void *) \&\1},/p'\'''
lt_cv_sys_global_symbol_to_cdecl='sed -n -e '\''s/^T .* \(.*\)$/extern int \1();/p'\'' -e '\''s/^[ABCDGIRSTW][ABCDGIRSTW]* .* \(.*\)$/extern char \1;/p'\'''
lt_cv_sys_global_symbol_to_import=
lt_cv_sys_max_cmd_len=1572864
lt_cv_to_host_file_cmd=func_convert_file_noop
lt_cv_to_tool_file_cmd=func_convert_file_noop
lt_cv_truncate_bin='/usr/bin/dd bs=4096 count=1'

## ----------------- ##
## Output variables. ##
## ----------------- ##

ACLOCAL='${SHELL} /home/gunjan/Desktop/VITHack/vithack-sigmatix/Movel-AI/catkin_ws/src/speech/pocketsphinx/missing aclocal-1.16'
AMDEPBACKSLASH='\'
AMDEP_FALSE='#'
AMDEP_TRUE=''
AMTAR='$${TAR-tar}'
AM_BACKSLASH='\'
AM_DEFAULT_V='$(AM_DEFAULT_VERBOSITY)'
AM_DEFAULT_VERBOSITY='1'
AM_V='$(V)'
AR='ar'
AUTOCONF='${SHELL} /home/gunjan/Desktop/VITHack/vithack-sigmatix/Movel-AI/catkin_ws/src/speech/pocketsphinx/missing autoconf'
AUTOHEADER='${SHELL} /home/gunjan/Desktop/VITHack/vithack-sigmatix/Movel-AI/catkin_ws/src/speech/pocketsphinx/missing autoheader'
AUTOMAKE='${SHELL} /home/gunjan/Desktop/VITHack/vithack-sigmatix/Movel-AI/catkin_ws/src/speech/pocketsphinx/missing automake-1.16'
AWK='mawk'
BUILD_DOXYGEN_FALSE=''
BUILD_DOXYGEN_TRUE='#'
BUILD_GST_FALSE=''
BUILD_GST_TRUE='#'
BUILD_SWIG_FALSE='#'
BUILD_SWIG_TRUE=''
CC='gcc'
CCDEPMODE='depmode=gcc3'
CFLAGS='-g -O2 -Wall'
CPP='gcc -E'
CPPFLAGS=' -I/home/gunjan/Desktop/VITHack/vithack-sigmatix/Movel-AI/catkin_ws/src/speech/pocketsphinx/../sphinxbase/include -I/home/gunjan/Desktop/VITHack/vithack-sigmatix/Movel-AI/catkin_ws/src/speech/pocketsphinx/../sphinxbase/include/sphinxbase'
CYGPATH_W='echo'
DEFS='-DHAVE_CONFIG_H'
DEPDIR='.deps'
DLLTOOL='false'
DSYMUTIL=''
DUMPBIN=''
ECHO_C=''
ECHO_N='-n'
ECHO_T=''
EGREP='/usr/bin/grep -E'
EXEEXT=''
FGREP='/usr/bin/grep -F'
GREP='/usr/bin/grep'
GST_CFLAGS=' '
GST_LIBS=''
GST_MAJORMINOR='1.0'
GST_PLUGIN_LDFLAGS='-module -avoid-version -export-symbols-regex _*\(gst_\|Gst\|GST_\).*'
GStreamer_CFLAGS=''
GStreamer_LIBS=''
HAVE_DOXYGEN='no'
HAVE_PKGCONFIG='yes'
INSTALL_DATA='${INSTALL} -m 644'
INSTALL_PROGRAM='${INSTALL}'
INSTALL_SCRIPT='${INSTALL}'
INSTALL_STRIP_PROGRAM='$(install_sh) -c -s'
LD='/usr/bin/ld -m elf_x86_64'
LDFLAGS=' -L/home/gunjan/Desktop/VITHack/vithack-sigmatix/Movel-AI/catkin_ws/src/speech/pocketsphinx/../sphinxbase/lib -L/home/gunjan/Desktop/VITHack/vithack-sigmatix/Movel-AI/catkin_ws/src/speech/pocketsphinx/../sphinxbase/src/libsphinxad -L/home/gunjan/Desktop/VITHack/vithack-sigmatix/Movel-AI/catkin_ws/src/speech/pocketsphinx/../sphinxbase/src/libsphinxbase'
LIBOBJS=''
LIBS=' -lsphinxbase'
LIBTOOL='$(SHELL) $(top_builddir)/libtool'
LIPO=''
LN_S='ln -s'
LTLIBOBJS=''
LT_SYS_LIBRARY_PATH=''
MAKEINFO='${SHELL} /home/gunjan/Desktop/VITHack/vithack-sigmatix/Movel-AI/catkin_ws/src/speech/pocketsphinx/missing makeinfo'
MANIFEST_TOOL=':'
MKDIR_P='/usr/bin/mkdir -p'
NM='/usr/bin/nm -B'
NMEDIT=''
OBJDUMP='objdump'
OBJEXT='o'
OTOOL64=''
OTOOL=''
PACKAGE='pocketsphinx'
PACKAGE_BUGREPORT=''
PACKAGE_NAME='pocketsphinx'
PACKAGE_STRING='pocketsphinx 5prealpha'
PACKAGE_TARNAME='pocketsphinx'
PACKAGE_URL=''
PACKAGE_VERSION='5prealpha'
PATH_SEPARATOR=':'
PKG_CONFIG='/usr/bin/pkg-config'
PYTHON='/usr/bin/python3'
PYTHON_CPPFLAGS='-I/usr/include/python3.8'
PYTHON_EXEC_PREFIX='${exec_prefix}'
PYTHON_EXTRA_LDFLAGS='-Xlinker -export-dynamic -Wl,-O1 -Wl,-Bsymbolic-functions'
PYTHON_EXTRA_LIBS='-lcrypt -lpthread -ldl  -lutil -lm -lm'
PYTHON_LDFLAGS='-L/usr/lib -lpython3.8'
PYTHON_PLATFORM='linux'
PYTHON_PREFIX='${prefix}'
PYTHON_SITE_PKG='/usr/lib/python3/dist-packages'
PYTHON_VERSION='3.8'
RANLIB='ranlib'
SED='/usr/bin/sed'
SET_MAKE=''
SHELL='/bin/bash'
SPHINXBASE_CFLAGS=''
SPHINXBASE_LIBS=''
SPHINXBASE_SWIG='/home/gunjan/Desktop/VITHack/vithack-sigmatix/Movel-AI/catkin_ws/src/speech/pocketsphinx/../sphinxbase/swig'
STRIP='strip'
SWIG='/usr/bin/swig'
SWIG_LIB='/usr/share/swig4.0'
VERSION='5prealpha'
ac_ct_AR='ar'
ac_ct_CC='gcc'
ac_ct_DUMPBIN=''
am__EXEEXT_FALSE=''
am__EXEEXT_TRUE='#'
am__fastdepCC_FALSE='#'
am__fastdepCC_TRUE=''
am__include='include'
am__isrc=''
am__leading_dot='.'
am__nodep='_no'
am__quote=''
am__tar='$${TAR-tar} chof - "$$tardir"'
am__untar='$${TAR-tar} xf -'
bindir='${exec_prefix}/bin'
build='x86_64-unknown-linux-gnu'
build_alias=''
build_cpu='x86_64'
build_os='linux-gnu'
build_vendor='unknown'
datadir='${datarootdir}'
datarootdir='${prefix}/share'
docdir='${datarootdir}/doc/${PACKAGE_TARNAME}'
dvidir='${docdir}'
exec_prefix='${prefix}'
host='x86_64-unknown-linux-gnu'
host_alias=''
host_cpu='x86_64'
host_os='linux-gnu'
host_vendor='unknown'
htmldir='${docdir}'
includedir='${prefix}/include'
infodir='${datarootdir}/info'
install_sh='${SHELL} /home/gunjan/Desktop/VITHack/vithack-sigmatix/Movel-AI/catkin_ws/src/speech/pocketsphinx/install-sh'
libdir='${exec_prefix}/lib'
libexecdir='${exec_prefix}/libexec'
localedir='${datarootdir}/locale'
localstatedir='${prefix}/var'
mandir='${datarootdir}/man'
mkdir_p='$(MKDIR_P)'
oldincludedir='/usr/include'
pdfdir='${docdir}'
pkgpyexecdir='${pyexecdir}/pocketsphinx'
pkgpythondir='${pythondir}/pocketsphinx'
plugindir='$(libdir)/gstreamer-1.0'
prefix='/usr/local'
program_transform_name='s,x,x,'
psdir='${docdir}'
pyexecdir='${exec_prefix}/lib/python3.8/site-packages'
pythondir='${prefix}/lib/python3.8/site-packages'
runstatedir='${localstatedir}/run'
sbindir='${exec_prefix}/sbin'
sharedstatedir='${prefix}/com'
sysconfdir='${prefix}/etc'
target_alias=''

## ----------- ##
## confdefs.h. ##
## ----------- ##

/* confdefs.h */
#define PACKAGE_NAME "pocketsphinx"
#define PACKAGE_TARNAME "pocketsphinx"
#define PACKAGE_VERSION "5prealpha"
#define PACKAGE_STRING "pocketsphinx 5prealpha"
#define PACKAGE_BUGREPORT ""
#define PACKAGE_URL ""
#define STDC_HEADERS 1
#define HAVE_SYS_TYPES_H 1
#define HAVE_SYS_STAT_H 1
#define HAVE_STDLIB_H 1
#define HAVE_STRING_H 1
#define HAVE_MEMORY_H 1
#define HAVE_STRINGS_H 1
#define HAVE_INTTYPES_H 1
#define HAVE_STDINT_H 1
#define HAVE_UNISTD_H 1
#define HAVE_LONG_LONG 1
#define SIZEOF_LONG_LONG 8
#define HAVE_DLFCN_H 1
#define LT_OBJDIR ".libs/"
#define HAVE_PYTHON "3.8"

configure: exit 0
